2026-03-16 15:17:54, MOVE, v:1, k:ed@princesa, mode:PICK
2026-03-16 15:19:36, EXEC, v:1, k:ed@princesa, mode:FULL, rate:0, size:60
2026-03-16 15:24:55, EXEC, v:1, k:ed@princesa, mode:FULL, rate:0, size:66
2026-03-16 15:26:10, EXEC, v:1, k:ed@princesa, mode:FULL, rate:0, size:67
2026-03-16 15:26:13, EXEC, v:1, k:ed@princesa, mode:FULL, rate:0
2026-03-16 15:26:33, EXEC, v:1, k:ed@princesa, mode:FULL, rate:0, size:68
2026-03-16 15:26:35, EXEC, v:1, k:ed@princesa, mode:FULL, rate:0
2026-03-16 15:26:37, EXEC, v:1, k:ed@princesa, mode:FULL, rate:0, size:68
2026-03-16 15:26:56, EXEC, v:1, k:ed@princesa, mode:FULL, rate:0, size:69
2026-03-16 15:26:57, EXEC, v:1, k:ed@princesa, mode:FULL, rate:0
2026-03-16 15:27:43, EXEC, v:1, k:ed@princesa, mode:FULL, rate:0, size:67
2026-03-16 15:27:45, EXEC, v:1, k:ed@princesa, mode:FULL, rate:0
2026-03-16 15:27:47, EXEC, v:1, k:ed@princesa, mode:FULL, rate:0
2026-03-16 15:27:50, MOVE, v:1, k:ed@princesa, mode:BACK
2026-03-16 15:27:51, MOVE, v:1, k:ed@princesa, mode:PICK
2026-03-16 15:27:52, EXEC, v:1, k:ed@princesa, mode:FULL, rate:0
2026-03-16 15:28:25, EXEC, v:1, k:ed@princesa, mode:FULL, rate:0, size:68
2026-03-16 15:28:46, EXEC, v:1, k:ed@princesa, mode:FULL, rate:0, size:68
2026-03-16 15:28:48, EXEC, v:1, k:ed@princesa, mode:FULL, rate:0
2026-03-16 15:29:39, EXEC, v:1, k:ed@princesa, mode:FULL, size:67, fail:COMP
2026-03-16 15:29:48, EXEC, v:1, k:ed@princesa, mode:FULL, rate:0, size:67
2026-03-16 15:30:10, EXEC, v:1, k:ed@princesa, mode:FULL, rate:0, size:68
2026-03-16 15:31:34, EXEC, v:1, k:ed@princesa, mode:FULL, rate:0, size:69
2026-03-16 15:31:36, EXEC, v:1, k:ed@princesa, mode:FULL, rate:0
2026-03-16 15:32:33, EXEC, v:1, k:ed@princesa, mode:FULL, rate:0, size:71
2026-03-16 15:33:52, EXEC, v:1, k:ed@princesa, mode:FULL, rate:0, size:70
2026-03-16 15:34:06, EXEC, v:1, k:ed@princesa, mode:FULL, rate:0, size:67
2026-03-16 15:34:52, EXEC, v:1, k:ed@princesa, mode:FULL, rate:0, size:69
2026-03-16 15:34:54, EXEC, v:1, k:ed@princesa, mode:FULL, rate:0
2026-03-16 15:36:46, EXEC, v:1, k:ed@princesa, mode:FULL, rate:0, size:73
2026-03-16 15:36:52, EXEC, v:1, k:ed@princesa, mode:FULL, rate:0
2026-03-16 15:37:16, EXEC, v:1, k:ed@princesa, mode:FULL, rate:0, size:73
2026-03-16 15:37:17, EXEC, v:1, k:ed@princesa, mode:FULL, rate:0
2026-03-16 15:37:23, EXEC, v:1, k:ed@princesa, mode:FULL, rate:0, size:70
2026-03-16 15:37:57, EXEC, v:1, k:ed@princesa, mode:FULL, rate:0, size:69
2026-03-16 15:37:59, EXEC, v:1, k:ed@princesa, mode:FULL, rate:0
2026-03-16 15:38:10, EXEC, v:1, k:ed@princesa, mode:FULL, rate:0, size:69
2026-03-16 15:38:25, EXEC, v:1, k:ed@princesa, mode:FULL, rate:0, size:68
2026-03-16 15:38:46, EXEC, v:1, k:ed@princesa, mode:FULL, rate:0, size:69
2026-03-16 15:39:05, EXEC, v:1, k:ed@princesa, mode:FULL, rate:0, size:69
2026-03-16 15:40:00, EXEC, v:1, k:ed@princesa, mode:FULL, rate:0, size:69
2026-03-16 15:41:22, EXEC, v:1, k:ed@princesa, mode:FULL, rate:0, size:70
2026-03-16 15:42:35, EXEC, v:1, k:ed@princesa, mode:FULL, rate:0, size:71
2026-03-16 15:43:37, EXEC, v:1, k:ed@princesa, mode:FULL, rate:0, size:69
2026-03-16 15:43:58, EXEC, v:1, k:ed@princesa, mode:FULL, rate:0, size:69
2026-03-16 15:48:19, EXEC, v:1, k:ed@princesa, mode:FULL, rate:0, size:69
2026-03-16 15:48:39, EXEC, v:1, k:ed@princesa, mode:FULL, rate:0, size:69
2026-03-16 15:50:42, EXEC, v:1, k:ed@princesa, mode:FULL, rate:0, size:79
2026-03-16 15:50:49, EXEC, v:1, k:ed@princesa, mode:FULL, rate:0, size:77
2026-03-16 15:51:12, EXEC, v:1, k:ed@princesa, mode:FULL, rate:0, size:79
2026-03-16 15:53:07, EXEC, v:1, k:ed@princesa, mode:FULL, rate:0, size:78
2026-03-16 15:53:25, EXEC, v:1, k:ed@princesa, mode:FULL, rate:0, size:76
2026-03-16 15:53:37, EXEC, v:1, k:ed@princesa, mode:FULL, rate:0, size:78
2026-03-16 15:53:41, EXEC, v:1, k:ed@princesa, mode:FULL, rate:0, size:78
2026-03-16 15:53:45, EXEC, v:1, k:ed@princesa, mode:FULL, rate:0, size:78
2026-03-16 15:53:52, EXEC, v:1, k:ed@princesa, mode:FULL, rate:0, size:78
2026-03-16 15:54:23, EXEC, v:1, k:ed@princesa, mode:FULL, rate:0, size:79
2026-03-16 15:56:07, EXEC, v:1, k:ed@princesa, mode:FULL, rate:0, size:83
2026-03-16 15:58:41, EXEC, v:1, k:ed@princesa, mode:FULL, rate:0, size:86
2026-03-16 15:59:06, EXEC, v:1, k:ed@princesa, mode:FULL, rate:0, size:83
2026-03-16 15:59:15, EXEC, v:1, k:ed@princesa, mode:FULL, rate:0, size:82
2026-03-16 15:59:22, EXEC, v:1, k:ed@princesa, mode:FULL, rate:0, size:81
2026-03-16 15:59:25, EXEC, v:1, k:ed@princesa, mode:FULL, rate:0, size:80
2026-03-16 15:59:31, EXEC, v:1, k:ed@princesa, mode:FULL, rate:50, size:78
2026-03-16 16:01:02, EXEC, v:1, k:ed@princesa, mode:FULL, rate:50, size:80
2026-03-16 16:10:21, EXEC, v:1, k:ed@princesa, mode:FULL, rate:50, size:74
2026-03-16 16:11:05, EXEC, v:1, k:ed@princesa, mode:FULL, rate:0, size:73
2026-03-16 16:13:56, EXEC, v:1, k:ed@princesa, mode:FULL, rate:0, size:77
2026-03-16 16:15:38, EXEC, v:1, k:ed@princesa, mode:FULL, rate:50, size:82
2026-03-16 16:16:00, EXEC, v:1, k:ed@princesa, mode:FULL, rate:100, size:82
2026-03-16 16:16:19, EXEC, v:1, k:ed@princesa, mode:FULL, rate:100, size:82
2026-03-16 16:16:54, EXEC, v:1, k:ed@princesa, mode:FULL, rate:50, size:83
2026-03-16 16:17:30, EXEC, v:1, k:ed@princesa, mode:FULL, rate:100, size:79
2026-03-16 16:17:59, MOVE, v:1, k:ed@princesa, mode:BACK
2026-03-16 16:18:27, SELF, v:1, k:ed@princesa, self:1, rate:100, study:240
2026-03-16 16:20:20, MOVE, v:1, k:ed@princesa, mode:PICK
2026-03-16 16:20:21, EXEC, v:1, k:ed@princesa, mode:FULL, rate:0, size:82
2026-03-16 16:21:48, EXEC, v:1, k:ed@princesa, mode:FULL, rate:100, size:79
2026-03-16 16:21:50, MOVE, v:1, k:ed@princesa, mode:BACK
2026-03-16 16:21:53, MOVE, v:1, k:ed@apagando, mode:DOWN
2026-03-16 16:21:53, MOVE, v:1, k:ed@apagando, mode:PICK
2026-03-16 16:31:57, EXEC, v:1, k:ed@apagando, mode:FULL, rate:0, size:34
2026-03-16 16:32:10, EXEC, v:1, k:ed@apagando, mode:FULL, rate:0, size:34
2026-03-16 16:32:35, EXEC, v:1, k:ed@apagando, mode:FULL, rate:0, size:34
2026-03-16 16:32:56, EXEC, v:1, k:ed@apagando, mode:FULL, rate:0, size:35
2026-03-16 16:35:21, EXEC, v:1, k:ed@apagando, mode:FULL, rate:0, size:35
2026-03-16 16:35:37, EXEC, v:1, k:ed@apagando, mode:FULL, rate:0, size:35
2026-03-16 16:38:23, EXEC, v:1, k:ed@apagando, mode:FULL, rate:0, size:40
2026-03-16 16:38:56, EXEC, v:1, k:ed@apagando, mode:FULL, rate:0, size:40
2026-03-16 16:39:28, EXEC, v:1, k:ed@apagando, mode:FULL, rate:0, size:42
2026-03-16 16:39:35, EXEC, v:1, k:ed@apagando, mode:FULL, rate:0, size:42
2026-03-16 16:39:45, EXEC, v:1, k:ed@apagando, mode:FULL, rate:0, size:42
2026-03-16 16:40:01, EXEC, v:1, k:ed@apagando, mode:FULL, rate:100, size:43
2026-03-16 16:40:03, MOVE, v:1, k:ed@apagando, mode:BACK
2026-03-16 16:40:20, SELF, v:1, k:ed@apagando, self:1, rate:100, study:30
2026-03-16 16:40:20, MOVE, v:1, k:ed@apagando, mode:PICK
2026-03-16 16:40:21, MOVE, v:1, k:ed@apagando, mode:BACK
2026-03-16 16:40:37, SELF, v:1, k:ed@apagando, self:1, rate:100, study:30
2026-03-16 16:40:42, MOVE, v:1, k:ed@manipulacao, mode:DOWN
2026-03-16 16:40:47, MOVE, v:1, k:ed@apagando, mode:PICK
2026-03-16 16:41:10, MOVE, v:1, k:ed@apagando, mode:BACK
2026-03-16 16:41:11, MOVE, v:1, k:ed@manipulacao, mode:PICK
2026-03-16 16:45:45, MOVE, v:1, k:ed@manipulacao, mode:BACK
