2026-03-23 06:17:03, MOVE, v:1, k:ed@pedra, mode:PICK
2026-03-23 06:17:04, EXEC, v:1, k:ed@pedra, mode:FREE, size:12
2026-03-23 06:20:16, EXEC, v:1, k:ed@pedra, mode:FULL, rate:25, size:29
2026-03-23 06:22:32, EXEC, v:1, k:ed@pedra, mode:FULL, rate:25, size:32
2026-03-23 06:23:04, EXEC, v:1, k:ed@pedra, mode:FULL, rate:16, size:33
2026-03-23 06:23:08, EXEC, v:1, k:ed@pedra, mode:FULL, rate:16, size:32
2026-03-23 06:24:14, EXEC, v:1, k:ed@pedra, mode:FULL, rate:0, size:34
2026-03-23 06:24:20, EXEC, v:1, k:ed@pedra, mode:FULL, rate:0, size:35
2026-03-23 06:25:12, EXEC, v:1, k:ed@pedra, mode:FULL, rate:0, size:34
2026-03-23 06:27:37, EXEC, v:1, k:ed@pedra, mode:FULL, rate:0, size:49
2026-03-23 06:27:44, EXEC, v:1, k:ed@pedra, mode:FULL, rate:0, size:49
2026-03-23 06:27:47, EXEC, v:1, k:ed@pedra, mode:FULL, rate:0, size:47
2026-03-23 06:28:20, EXEC, v:1, k:ed@pedra, mode:FULL, rate:25, size:51
2026-03-23 06:28:32, EXEC, v:1, k:ed@pedra, mode:FULL, rate:25
2026-03-23 06:29:32, EXEC, v:1, k:ed@pedra, mode:FULL, rate:0, size:51
2026-03-23 06:29:59, EXEC, v:1, k:ed@pedra, mode:FULL, rate:0, size:51
2026-03-23 06:30:28, EXEC, v:1, k:ed@pedra, mode:FULL, rate:100, size:51
2026-03-23 06:30:32, MOVE, v:1, k:ed@pedra, mode:BACK
2026-03-23 06:30:44, SELF, v:1, k:ed@pedra, self:1, rate:100, study:20
2026-03-23 06:30:47, MOVE, v:1, k:ed@casais, mode:PICK
2026-03-23 06:30:48, EXEC, v:1, k:ed@casais, mode:FREE, size:5
2026-03-23 06:38:51, EXEC, v:1, k:ed@casais, mode:FULL, rate:50, size:30
2026-03-23 06:38:57, EXEC, v:1, k:ed@casais, mode:FULL, rate:50
2026-03-23 06:39:18, EXEC, v:1, k:ed@casais, mode:FULL, rate:100, size:30
2026-03-23 06:39:28, MOVE, v:1, k:ed@casais, mode:BACK
2026-03-23 06:39:46, SELF, v:1, k:ed@casais, self:1, rate:100, study:12
2026-03-23 06:39:50, MOVE, v:1, k:ed@baruel, mode:PICK
2026-03-23 06:39:51, EXEC, v:1, k:ed@baruel, mode:FREE, size:5
2026-03-23 06:41:20, MOVE, v:1, k:ed@baruel, mode:BACK
2026-03-23 06:41:21, MOVE, v:1, k:ed@casais, mode:PICK
2026-03-23 06:45:53, EXEC, v:1, k:ed@casais, mode:FULL, rate:100
2026-03-23 06:45:56, EXEC, v:1, k:ed@casais, mode:FULL, rate:100
2026-03-23 06:45:56, MOVE, v:1, k:ed@casais, mode:BACK
2026-03-23 06:45:57, MOVE, v:1, k:ed@baruel, mode:PICK
2026-03-23 06:45:58, EXEC, v:1, k:ed@baruel, mode:FULL, rate:0, size:29
2026-03-23 06:46:30, EXEC, v:1, k:ed@baruel, mode:FULL, rate:0, size:30
2026-03-23 06:47:47, EXEC, v:1, k:ed@baruel, mode:FULL, rate:0, size:30
2026-03-23 06:47:56, EXEC, v:1, k:ed@baruel, mode:FULL, rate:0, size:30
2026-03-23 06:49:34, EXEC, v:1, k:ed@baruel, mode:FULL, rate:0, size:37
2026-03-23 06:49:37, EXEC, v:1, k:ed@baruel, mode:FULL, rate:0, size:36
2026-03-23 06:50:21, EXEC, v:1, k:ed@baruel, mode:FULL, rate:0, size:36
2026-03-23 06:50:31, EXEC, v:1, k:ed@baruel, mode:FULL, rate:0, size:36
2026-03-23 06:51:33, EXEC, v:1, k:ed@baruel, mode:FULL, rate:0, size:45
2026-03-23 06:51:42, EXEC, v:1, k:ed@baruel, mode:FULL, rate:0, size:45
2026-03-23 06:51:48, EXEC, v:1, k:ed@baruel, mode:FULL, rate:0, size:45
2026-03-23 06:51:50, EXEC, v:1, k:ed@baruel, mode:FULL, rate:0
2026-03-23 06:52:05, EXEC, v:1, k:ed@baruel, mode:FULL, rate:0, size:45
2026-03-23 06:52:17, EXEC, v:1, k:ed@baruel, mode:FULL, rate:0, size:45
2026-03-23 06:53:00, EXEC, v:1, k:ed@baruel, mode:FULL, rate:0
2026-03-23 06:53:05, EXEC, v:1, k:ed@baruel, mode:FULL, rate:0
2026-03-23 06:53:06, EXEC, v:1, k:ed@baruel, mode:FULL, rate:0
2026-03-23 06:53:07, EXEC, v:1, k:ed@baruel, mode:FULL, rate:0
2026-03-23 06:54:15, EXEC, v:1, k:ed@baruel, mode:FULL, rate:0, size:49
2026-03-23 06:54:57, EXEC, v:1, k:ed@baruel, mode:FULL, rate:0, size:60
2026-03-23 06:55:05, EXEC, v:1, k:ed@baruel, mode:FULL, rate:0, size:62
2026-03-23 06:55:13, EXEC, v:1, k:ed@baruel, mode:FULL, rate:0, size:64
2026-03-23 06:55:15, EXEC, v:1, k:ed@baruel, mode:FULL, rate:0, size:64
2026-03-23 06:55:50, EXEC, v:1, k:ed@baruel, mode:FULL, rate:0, size:64
2026-03-23 06:55:52, EXEC, v:1, k:ed@baruel, mode:FULL, rate:0
2026-03-23 06:56:17, EXEC, v:1, k:ed@baruel, mode:FULL, rate:0, size:64
2026-03-23 06:56:59, EXEC, v:1, k:ed@baruel, mode:FULL, rate:0, size:64
2026-03-23 06:57:04, EXEC, v:1, k:ed@baruel, mode:FULL, rate:0, size:64
2026-03-23 06:57:06, EXEC, v:1, k:ed@baruel, mode:FULL, rate:0
2026-03-23 06:58:00, EXEC, v:1, k:ed@baruel, mode:FULL, rate:0, size:64
2026-03-23 06:58:40, EXEC, v:1, k:ed@baruel, mode:FULL, rate:0, size:64
2026-03-23 06:59:37, EXEC, v:1, k:ed@baruel, mode:FULL, rate:0, size:64
2026-03-23 06:59:39, EXEC, v:1, k:ed@baruel, mode:FULL, rate:0
2026-03-23 07:00:49, EXEC, v:1, k:ed@baruel, mode:FULL, rate:0, size:68
2026-03-23 07:00:59, EXEC, v:1, k:ed@baruel, mode:FULL, rate:0, size:68
2026-03-23 07:01:01, EXEC, v:1, k:ed@baruel, mode:FULL, rate:50
2026-03-23 07:01:24, EXEC, v:1, k:ed@baruel, mode:FULL, rate:50, size:68
2026-03-23 07:01:28, EXEC, v:1, k:ed@baruel, mode:FULL, rate:25
2026-03-23 07:01:30, EXEC, v:1, k:ed@baruel, mode:FULL, rate:25
2026-03-23 07:01:31, EXEC, v:1, k:ed@baruel, mode:FULL, rate:25
2026-03-23 07:01:32, EXEC, v:1, k:ed@baruel, mode:FULL, rate:50
2026-03-23 07:02:14, EXEC, v:1, k:ed@baruel, mode:FULL, rate:25, size:72
2026-03-23 07:02:29, EXEC, v:1, k:ed@baruel, mode:FULL, rate:25
2026-03-23 07:02:30, EXEC, v:1, k:ed@baruel, mode:FULL, rate:50
2026-03-23 07:02:30, EXEC, v:1, k:ed@baruel, mode:FULL, rate:50
2026-03-23 07:02:31, EXEC, v:1, k:ed@baruel, mode:FULL, rate:50
2026-03-23 07:02:53, EXEC, v:1, k:ed@baruel, mode:FULL, rate:25, size:68
2026-03-23 07:02:55, EXEC, v:1, k:ed@baruel, mode:FULL, rate:50
2026-03-23 07:03:33, EXEC, v:1, k:ed@baruel, mode:FULL, rate:50, size:68
2026-03-23 07:03:37, EXEC, v:1, k:ed@baruel, mode:FULL, rate:25
2026-03-23 07:03:38, EXEC, v:1, k:ed@baruel, mode:FULL, rate:50
2026-03-23 07:03:38, EXEC, v:1, k:ed@baruel, mode:FULL, rate:50
2026-03-23 07:04:19, EXEC, v:1, k:ed@baruel, mode:FULL, rate:75, size:68
2026-03-23 07:04:20, EXEC, v:1, k:ed@baruel, mode:FULL, rate:75
2026-03-23 07:04:35, EXEC, v:1, k:ed@baruel, mode:FULL, rate:50, size:68
2026-03-23 07:04:36, EXEC, v:1, k:ed@baruel, mode:FULL, rate:75
2026-03-23 07:04:39, EXEC, v:1, k:ed@baruel, mode:FULL, rate:100
2026-03-23 07:04:41, EXEC, v:1, k:ed@baruel, mode:FULL, rate:100
2026-03-23 07:04:42, EXEC, v:1, k:ed@baruel, mode:FULL, rate:100
2026-03-23 07:04:42, EXEC, v:1, k:ed@baruel, mode:FULL, rate:100
2026-03-23 07:04:43, EXEC, v:1, k:ed@baruel, mode:FULL, rate:75
2026-03-23 07:04:43, EXEC, v:1, k:ed@baruel, mode:FULL, rate:75
2026-03-23 07:06:44, EXEC, v:1, k:ed@baruel, mode:FULL, rate:100, size:68
2026-03-23 07:06:46, EXEC, v:1, k:ed@baruel, mode:FULL, rate:100
2026-03-23 07:06:46, EXEC, v:1, k:ed@baruel, mode:FULL, rate:100
2026-03-23 07:06:47, EXEC, v:1, k:ed@baruel, mode:FULL, rate:100
2026-03-23 07:06:48, EXEC, v:1, k:ed@baruel, mode:FULL, rate:100
2026-03-23 07:06:48, EXEC, v:1, k:ed@baruel, mode:FULL, rate:100
2026-03-23 07:06:49, EXEC, v:1, k:ed@baruel, mode:FULL, rate:100
2026-03-23 07:06:49, EXEC, v:1, k:ed@baruel, mode:FULL, rate:100
2026-03-23 07:06:50, MOVE, v:1, k:ed@baruel, mode:BACK
2026-03-23 07:07:00, SELF, v:1, k:ed@baruel, self:1, rate:100, study:35
2026-03-23 07:07:02, MOVE, v:1, k:ed@gomos, mode:PICK
2026-03-23 07:07:06, EXEC, v:1, k:ed@gomos, mode:FREE, size:5
2026-03-23 07:16:39, EXEC, v:1, k:ed@gomos, mode:FULL, rate:0, size:26
2026-03-23 07:16:44, EXEC, v:1, k:ed@gomos, mode:FULL, rate:0, size:28
2026-03-23 07:16:46, EXEC, v:1, k:ed@gomos, mode:FULL, rate:0
2026-03-23 07:17:26, EXEC, v:1, k:ed@gomos, mode:FULL, rate:0, size:29
2026-03-23 07:20:05, EXEC, v:1, k:ed@gomos, mode:FULL, rate:0, size:30
2026-03-23 07:20:06, EXEC, v:1, k:ed@gomos, mode:FULL, rate:0
2026-03-23 07:20:10, EXEC, v:1, k:ed@gomos, mode:FULL, rate:0, size:28
2026-03-23 07:20:11, EXEC, v:1, k:ed@gomos, mode:FULL, rate:0
2026-03-23 07:20:12, EXEC, v:1, k:ed@gomos, mode:FULL, rate:0
2026-03-23 07:20:55, EXEC, v:1, k:ed@gomos, mode:FULL, rate:0, size:42
2026-03-23 07:21:16, EXEC, v:1, k:ed@gomos, mode:FULL, rate:0, size:46
2026-03-23 07:21:18, EXEC, v:1, k:ed@gomos, mode:FULL, rate:0, size:46
2026-03-23 07:22:06, EXEC, v:1, k:ed@gomos, mode:FULL, rate:100, size:46
2026-03-23 07:22:12, EXEC, v:1, k:ed@gomos, mode:FULL, rate:100
2026-03-23 07:22:15, MOVE, v:1, k:ed@gomos, mode:BACK
2026-03-23 07:22:36, MOVE, v:1, k:ed@gomos, mode:PICK
2026-03-23 07:22:39, EXEC, v:1, k:ed@gomos, mode:FULL, rate:66, size:44
2026-03-23 07:23:04, EXEC, v:1, k:ed@gomos, mode:FULL, rate:100, size:47
2026-03-23 07:23:04, MOVE, v:1, k:ed@gomos, mode:BACK
2026-03-23 07:23:13, SELF, v:1, k:ed@gomos, self:1, rate:100, study:25
2026-03-23 07:23:23, MOVE, v:1, k:ed@buscas, mode:DOWN
2026-03-23 07:25:25, MOVE, v:1, k:ed@buscas, mode:PICK
2026-03-23 07:25:26, EXEC, v:1, k:ed@buscas, mode:FREE, size:5
2026-03-23 07:25:34, MOVE, v:1, k:ed@buscas, mode:BACK
2026-03-23 07:26:28, MOVE, v:1, k:ed@buscas, mode:DOWN
2026-03-23 07:27:17, MOVE, v:1, k:ed@buscas, mode:PICK
2026-03-23 07:27:20, EXEC, v:1, k:ed@buscas, mode:FREE
2026-03-23 07:34:07, EXEC, v:1, k:ed@buscas, mode:FULL, rate:0, size:31
2026-03-23 07:35:46, EXEC, v:1, k:ed@buscas, mode:FULL, rate:0, size:34
2026-03-23 07:35:59, EXEC, v:1, k:ed@buscas, mode:FULL, rate:0, size:37
2026-03-23 07:36:09, EXEC, v:1, k:ed@buscas, mode:FULL, rate:100, size:39
2026-03-23 07:36:27, MOVE, v:1, k:ed@buscas, mode:BACK
2026-03-23 07:36:37, SELF, v:1, k:ed@buscas, self:1, rate:100, study:20
2026-03-23 07:37:17, MOVE, v:1, k:ed@rotacoes, mode:DOWN
2026-03-23 07:37:17, MOVE, v:1, k:ed@rotacoes, mode:PICK
2026-03-23 07:43:19, EXEC, v:1, k:ed@rotacoes, mode:FULL, rate:0, size:26
2026-03-23 07:43:23, EXEC, v:1, k:ed@rotacoes, mode:FULL, rate:0, size:26
2026-03-23 07:44:04, MOVE, v:1, k:ed@rotacoes, mode:PICK
2026-03-23 07:44:06, EXEC, v:1, k:ed@rotacoes, mode:FULL, rate:0
2026-03-23 07:44:36, EXEC, v:1, k:ed@rotacoes, mode:FULL, rate:0, size:26
2026-03-23 07:44:43, EXEC, v:1, k:ed@rotacoes, mode:FULL, rate:0, size:28
2026-03-23 07:45:06, EXEC, v:1, k:ed@rotacoes, mode:FULL, rate:100, size:30
2026-03-23 07:45:09, MOVE, v:1, k:ed@rotacoes, mode:BACK
2026-03-23 07:45:24, SELF, v:1, k:ed@rotacoes, self:1, rate:100, study:22
